app/build/intermediates/manifest_merge_blame_file/release/processReleaseMainManifest/manifest-merger-blame-release-report.txt
1<?xml version="1.0" encoding="utf-8"?>
2<!--
3    Copyright 2019 Google Inc. All Rights Reserved.
4
5     Licensed under the Apache License, Version 2.0 (the "License");
6     you may not use this file except in compliance with the License.
7     You may obtain a copy of the License at
8
9         http://www.apache.org/licenses/LICENSE-2.0
10
11     Unless required by applicable law or agreed to in writing, software
12     distributed under the License is distributed on an "AS IS" BASIS,
13     WITHOUT WARRANTIES OR CONDITIONS OF ANY KIND, either express or implied.
14     See the License for the specific language governing permissions and
15     limitations under the License.
16-->
17<!--
18 The "package" attribute is rewritten by the Gradle build with the value of applicationId.
19     It is still required here, as it is used to derive paths, for instance when referring
20     to an Activity by ".MyActivity" instead of the full name. If more Activities are added to the
21     application, the package attribute will need to reflect the correct path in order to use
22     the abbreviated format.
23-->
24<manifest xmlns:android="http://schemas.android.com/apk/res/android"
25    package="app.vercel.horariosmda.twa"
26    android:versionCode="1"
27    android:versionName="1" >
28
29    <uses-sdk
30        android:minSdkVersion="21"
31        android:targetSdkVersion="35" />
32
33    <uses-permission android:name="android.permission.POST_NOTIFICATIONS" />
33-->src\main\AndroidManifest.xml:26:9-80
33-->src\main\AndroidManifest.xml:26:26-78
34
35    <queries>
35-->[com.google.androidbrowserhelper:androidbrowserhelper:2.5.0] AndroidManifest.xml:26:5-34:15
36        <intent>
36-->[com.google.androidbrowserhelper:androidbrowserhelper:2.5.0] AndroidManifest.xml:27:9-33:18
37            <action android:name="android.intent.action.VIEW" />
37-->src\main\AndroidManifest.xml:140:17-68
37-->src\main\AndroidManifest.xml:140:25-66
38
39            <category android:name="android.intent.category.BROWSABLE" />
39-->src\main\AndroidManifest.xml:142:17-77
39-->src\main\AndroidManifest.xml:142:27-75
40
41            <data android:scheme="https" />
41-->src\main\AndroidManifest.xml:143:17-146:19
41-->src\main\AndroidManifest.xml:143:23-45
42        </intent>
43    </queries>
44
45    <application
45-->src\main\AndroidManifest.xml:35:5-189:19
46        android:name="app.vercel.horariosmda.twa.Application"
46-->src\main\AndroidManifest.xml:36:9-35
47        android:allowBackup="true"
47-->src\main\AndroidManifest.xml:37:9-35
48        android:appComponentFactory="androidx.core.app.CoreComponentFactory"
48-->[androidx.core:core:1.1.0] AndroidManifest.xml:24:18-86
49        android:extractNativeLibs="true"
50        android:icon="@mipmap/ic_launcher"
50-->src\main\AndroidManifest.xml:38:9-43
51        android:label="@string/appName"
51-->src\main\AndroidManifest.xml:39:9-40
52        android:manageSpaceActivity="com.google.androidbrowserhelper.trusted.ManageDataLauncherActivity"
52-->src\main\AndroidManifest.xml:41:9-105
53        android:supportsRtl="true"
53-->src\main\AndroidManifest.xml:43:9-35
54        android:theme="@android:style/Theme.Translucent.NoTitleBar" >
54-->src\main\AndroidManifest.xml:44:9-68
55        <meta-data
55-->src\main\AndroidManifest.xml:46:9-48:58
56            android:name="asset_statements"
56-->src\main\AndroidManifest.xml:47:13-44
57            android:resource="@string/assetStatements" />
57-->src\main\AndroidManifest.xml:48:13-55
58        <meta-data
58-->src\main\AndroidManifest.xml:51:13-53:58
59            android:name="web_manifest_url"
59-->src\main\AndroidManifest.xml:52:17-48
60            android:value="@string/webManifestUrl" />
60-->src\main\AndroidManifest.xml:53:17-55
61        <meta-data
61-->src\main\AndroidManifest.xml:56:9-58:52
62            android:name="twa_generator"
62-->src\main\AndroidManifest.xml:57:13-41
63            android:value="@string/generatorApp" />
63-->src\main\AndroidManifest.xml:58:13-49
64
65        <activity android:name="com.google.androidbrowserhelper.trusted.ManageDataLauncherActivity" >
65-->src\main\AndroidManifest.xml:65:13-69:24
65-->src\main\AndroidManifest.xml:65:23-104
66            <meta-data
66-->src\main\AndroidManifest.xml:66:13-68:53
67                android:name="android.support.customtabs.trusted.MANAGE_SPACE_URL"
67-->src\main\AndroidManifest.xml:67:17-83
68                android:value="@string/launchUrl" />
68-->src\main\AndroidManifest.xml:68:17-50
69        </activity>
70        <activity
70-->src\main\AndroidManifest.xml:72:9-150:20
71            android:name="app.vercel.horariosmda.twa.LauncherActivity"
71-->src\main\AndroidManifest.xml:72:19-50
72            android:alwaysRetainTaskState="true"
72-->src\main\AndroidManifest.xml:73:13-49
73            android:exported="true"
73-->src\main\AndroidManifest.xml:75:13-36
74            android:label="@string/launcherName" >
74-->src\main\AndroidManifest.xml:74:13-49
75            <meta-data
75-->src\main\AndroidManifest.xml:76:13-77:53
76                android:name="android.support.customtabs.trusted.DEFAULT_URL"
76-->src\main\AndroidManifest.xml:76:24-85
77                android:value="@string/launchUrl" />
77-->src\main\AndroidManifest.xml:77:17-50
78            <meta-data
78-->src\main\AndroidManifest.xml:79:13-81:58
79                android:name="android.support.customtabs.trusted.STATUS_BAR_COLOR"
79-->src\main\AndroidManifest.xml:80:17-83
80                android:resource="@color/colorPrimary" />
80-->src\main\AndroidManifest.xml:81:17-55
81            <meta-data
81-->src\main\AndroidManifest.xml:83:13-85:62
82                android:name="android.support.customtabs.trusted.STATUS_BAR_COLOR_DARK"
82-->src\main\AndroidManifest.xml:84:17-88
83                android:resource="@color/colorPrimaryDark" />
83-->src\main\AndroidManifest.xml:85:17-59
84            <meta-data
84-->src\main\AndroidManifest.xml:87:13-89:61
85                android:name="android.support.customtabs.trusted.NAVIGATION_BAR_COLOR"
85-->src\main\AndroidManifest.xml:88:17-87
86                android:resource="@color/navigationColor" />
86-->src\main\AndroidManifest.xml:89:17-58
87            <meta-data
87-->src\main\AndroidManifest.xml:91:13-93:65
88                android:name="android.support.customtabs.trusted.NAVIGATION_BAR_COLOR_DARK"
88-->src\main\AndroidManifest.xml:92:17-92
89                android:resource="@color/navigationColorDark" />
89-->src\main\AndroidManifest.xml:93:17-62
90            <meta-data
90-->src\main\AndroidManifest.xml:95:13-97:68
91                android:name="androix.browser.trusted.NAVIGATION_BAR_DIVIDER_COLOR"
91-->src\main\AndroidManifest.xml:96:17-84
92                android:resource="@color/navigationDividerColor" />
92-->src\main\AndroidManifest.xml:97:17-65
93            <meta-data
93-->src\main\AndroidManifest.xml:99:13-101:72
94                android:name="androix.browser.trusted.NAVIGATION_BAR_DIVIDER_COLOR_DARK"
94-->src\main\AndroidManifest.xml:100:17-89
95                android:resource="@color/navigationDividerColorDark" />
95-->src\main\AndroidManifest.xml:101:17-69
96            <meta-data
96-->src\main\AndroidManifest.xml:103:13-104:54
97                android:name="android.support.customtabs.trusted.SPLASH_IMAGE_DRAWABLE"
97-->src\main\AndroidManifest.xml:103:24-95
98                android:resource="@drawable/splash" />
98-->src\main\AndroidManifest.xml:104:17-52
99            <meta-data
99-->src\main\AndroidManifest.xml:106:13-107:60
100                android:name="android.support.customtabs.trusted.SPLASH_SCREEN_BACKGROUND_COLOR"
100-->src\main\AndroidManifest.xml:106:24-104
101                android:resource="@color/backgroundColor" />
101-->src\main\AndroidManifest.xml:107:17-58
102            <meta-data
102-->src\main\AndroidManifest.xml:109:13-110:71
103                android:name="android.support.customtabs.trusted.SPLASH_SCREEN_FADE_OUT_DURATION"
103-->src\main\AndroidManifest.xml:109:24-105
104                android:value="@integer/splashScreenFadeOutDuration" />
104-->src\main\AndroidManifest.xml:110:17-69
105            <meta-data
105-->src\main\AndroidManifest.xml:112:13-113:60
106                android:name="android.support.customtabs.trusted.FILE_PROVIDER_AUTHORITY"
106-->src\main\AndroidManifest.xml:112:24-97
107                android:value="@string/providerAuthority" />
107-->src\main\AndroidManifest.xml:113:17-58
108            <meta-data
108-->src\main\AndroidManifest.xml:115:13-97
109                android:name="android.app.shortcuts"
109-->src\main\AndroidManifest.xml:115:24-60
110                android:resource="@xml/shortcuts" />
110-->src\main\AndroidManifest.xml:115:61-94
111            <meta-data
111-->src\main\AndroidManifest.xml:117:13-118:56
112                android:name="android.support.customtabs.trusted.FALLBACK_STRATEGY"
112-->src\main\AndroidManifest.xml:117:24-91
113                android:value="@string/fallbackType" />
113-->src\main\AndroidManifest.xml:118:17-53
114            <meta-data
114-->src\main\AndroidManifest.xml:123:13-124:45
115                android:name="android.support.customtabs.trusted.DISPLAY_MODE"
115-->src\main\AndroidManifest.xml:123:24-86
116                android:value="immersive" />
116-->src\main\AndroidManifest.xml:124:17-42
117            <meta-data
117-->src\main\AndroidManifest.xml:127:13-128:54
118                android:name="android.support.customtabs.trusted.SCREEN_ORIENTATION"
118-->src\main\AndroidManifest.xml:127:24-92
119                android:value="@string/orientation" />
119-->src\main\AndroidManifest.xml:128:17-52
120
121            <intent-filter>
121-->src\main\AndroidManifest.xml:134:13-137:29
122                <action android:name="android.intent.action.MAIN" />
122-->src\main\AndroidManifest.xml:135:17-69
122-->src\main\AndroidManifest.xml:135:25-66
123
124                <category android:name="android.intent.category.LAUNCHER" />
124-->src\main\AndroidManifest.xml:136:17-77
124-->src\main\AndroidManifest.xml:136:27-74
125            </intent-filter>
126            <intent-filter android:autoVerify="true" >
126-->src\main\AndroidManifest.xml:139:13-147:29
126-->src\main\AndroidManifest.xml:139:28-53
127                <action android:name="android.intent.action.VIEW" />
127-->src\main\AndroidManifest.xml:140:17-68
127-->src\main\AndroidManifest.xml:140:25-66
128
129                <category android:name="android.intent.category.DEFAULT" />
129-->src\main\AndroidManifest.xml:141:17-76
129-->src\main\AndroidManifest.xml:141:27-73
130                <category android:name="android.intent.category.BROWSABLE" />
130-->src\main\AndroidManifest.xml:142:17-77
130-->src\main\AndroidManifest.xml:142:27-75
131
132                <data
132-->src\main\AndroidManifest.xml:143:17-146:19
133                    android:host="@string/hostName"
133-->src\main\AndroidManifest.xml:144:21-52
134                    android:scheme="https" />
134-->src\main\AndroidManifest.xml:143:23-45
135            </intent-filter>
136        </activity>
137        <activity android:name="com.google.androidbrowserhelper.trusted.FocusActivity" />
137-->src\main\AndroidManifest.xml:152:9-90
137-->src\main\AndroidManifest.xml:152:19-87
138        <activity
138-->src\main\AndroidManifest.xml:154:9-155:62
139            android:name="com.google.androidbrowserhelper.trusted.WebViewFallbackActivity"
139-->src\main\AndroidManifest.xml:154:19-97
140            android:configChanges="orientation|screenSize" />
140-->src\main\AndroidManifest.xml:155:13-59
141
142        <provider
142-->src\main\AndroidManifest.xml:157:9-165:20
143            android:name="androidx.core.content.FileProvider"
143-->src\main\AndroidManifest.xml:158:13-62
144            android:authorities="@string/providerAuthority"
144-->src\main\AndroidManifest.xml:159:13-60
145            android:exported="false"
145-->src\main\AndroidManifest.xml:161:13-37
146            android:grantUriPermissions="true" >
146-->src\main\AndroidManifest.xml:160:13-47
147            <meta-data
147-->src\main\AndroidManifest.xml:162:13-164:53
148                android:name="android.support.FILE_PROVIDER_PATHS"
148-->src\main\AndroidManifest.xml:163:17-67
149                android:resource="@xml/filepaths" />
149-->src\main\AndroidManifest.xml:164:17-50
150        </provider>
151
152        <service
152-->src\main\AndroidManifest.xml:167:9-182:19
153            android:name="app.vercel.horariosmda.twa.DelegationService"
153-->src\main\AndroidManifest.xml:168:13-46
154            android:enabled="@bool/enableNotification"
154-->src\main\AndroidManifest.xml:169:13-55
155            android:exported="@bool/enableNotification" >
155-->src\main\AndroidManifest.xml:170:13-56
156            <meta-data
156-->src\main\AndroidManifest.xml:173:17-175:73
157                android:name="android.support.customtabs.trusted.SMALL_ICON"
157-->src\main\AndroidManifest.xml:174:21-81
158                android:resource="@drawable/ic_notification_icon" />
158-->src\main\AndroidManifest.xml:175:21-70
159
160            <intent-filter>
160-->src\main\AndroidManifest.xml:178:13-181:29
161                <action android:name="android.support.customtabs.trusted.TRUSTED_WEB_ACTIVITY_SERVICE" />
161-->src\main\AndroidManifest.xml:179:17-105
161-->src\main\AndroidManifest.xml:179:25-103
162
163                <category android:name="android.intent.category.DEFAULT" />
163-->src\main\AndroidManifest.xml:141:17-76
163-->src\main\AndroidManifest.xml:141:27-73
164            </intent-filter>
165        </service>
166
167        <activity android:name="com.google.androidbrowserhelper.trusted.NotificationPermissionRequestActivity" />
167-->src\main\AndroidManifest.xml:185:13-118
167-->src\main\AndroidManifest.xml:185:23-115
168    </application>
169
170</manifest>